<?xml version="1.0" encoding="UTF-8"?>
<robot generator="Robot 7.1 (Python 3.11.9 on win32)" generated="2025-02-17T14:35:08.881524" rpa="false" schemaversion="5">
<suite id="s1" name="Invoice Verification" source="c:\Users\Adam\cigan\rpa-project\invoice_verification.robot">
<test id="s1-t1" name="Invoice Verification" line="20">
<kw name="Read table from CSV" owner="RPA.Tables">
<msg time="2025-02-17T14:35:09.959376" level="INFO">&lt;IPython.core.display.Markdown object&gt;
&lt;IPython.core.display.Markdown object&gt;</msg>
<msg time="2025-02-17T14:35:09.961372" level="INFO">${loaded_data} = Table(columns=['Amount', 'RefNum', 'IBAN', 'Date'], rows=3)</msg>
<var>${loaded_data}</var>
<arg>${excel_filepath}</arg>
<arg>header=True</arg>
<doc>Read a CSV file as a table.</doc>
<status status="PASS" start="2025-02-17T14:35:09.754213" elapsed="0.207159"/>
</kw>
<kw name="Get From List" owner="Collections">
<msg time="2025-02-17T14:35:09.964387" level="INFO">${header} = ['1674', '1431432', ' FI12 3456 7890 1234 56', '12/15/2022']</msg>
<var>${header}</var>
<arg>${loaded_data}</arg>
<arg>0</arg>
<doc>Returns the value specified with an ``index`` from ``list``.</doc>
<status status="PASS" start="2025-02-17T14:35:09.962509" elapsed="0.001878"/>
</kw>
<kw name="Log" owner="BuiltIn">
<msg time="2025-02-17T14:35:09.965386" level="INFO">['1674', '1431432', ' FI12 3456 7890 1234 56', '12/15/2022']</msg>
<arg>${header}</arg>
<doc>Logs the given message with the given level.</doc>
<status status="PASS" start="2025-02-17T14:35:09.964387" elapsed="0.000999"/>
</kw>
<for flavor="IN">
<iter>
<kw name="Get From Dictionary" owner="Collections">
<msg time="2025-02-17T14:35:09.967387" level="INFO">${amount} = 1674</msg>
<var>${amount}</var>
<arg>${row}</arg>
<arg>Amount</arg>
<doc>Returns a value from the given ``dictionary`` based on the given ``key``.</doc>
<status status="PASS" start="2025-02-17T14:35:09.967387" elapsed="0.000000"/>
</kw>
<kw name="Get From Dictionary" owner="Collections">
<msg time="2025-02-17T14:35:09.968388" level="INFO">${refnum} = 1431432</msg>
<var>${refnum}</var>
<arg>${row}</arg>
<arg>RefNum</arg>
<doc>Returns a value from the given ``dictionary`` based on the given ``key``.</doc>
<status status="PASS" start="2025-02-17T14:35:09.968388" elapsed="0.000000"/>
</kw>
<kw name="Get From Dictionary" owner="Collections">
<msg time="2025-02-17T14:35:09.969390" level="INFO">${iban} =  FI12 3456 7890 1234 56</msg>
<var>${iban}</var>
<arg>${row}</arg>
<arg>IBAN</arg>
<doc>Returns a value from the given ``dictionary`` based on the given ``key``.</doc>
<status status="PASS" start="2025-02-17T14:35:09.969390" elapsed="0.000000"/>
</kw>
<kw name="Get From Dictionary" owner="Collections">
<msg time="2025-02-17T14:35:09.971388" level="INFO">${date} = 12/15/2022</msg>
<var>${date}</var>
<arg>${row}</arg>
<arg>Date</arg>
<doc>Returns a value from the given ``dictionary`` based on the given ``key``.</doc>
<status status="PASS" start="2025-02-17T14:35:09.970390" elapsed="0.000998"/>
</kw>
<if>
<branch type="IF" condition="${amount} &lt;= 0">
<kw name="Set To Dictionary" owner="Collections">
<arg>${row}</arg>
<arg>Amount=invalid</arg>
<doc>Adds the given ``key_value_pairs`` and/or ``items`` to the ``dictionary``.</doc>
<status status="NOT RUN" start="2025-02-17T14:35:09.972394" elapsed="0.000000"/>
</kw>
<status status="NOT RUN" start="2025-02-17T14:35:09.972394" elapsed="0.000995"/>
</branch>
<status status="PASS" start="2025-02-17T14:35:09.972394" elapsed="0.000995"/>
</if>
<kw name="Get Length" owner="BuiltIn">
<msg time="2025-02-17T14:35:09.973389" level="INFO">Length is 7.</msg>
<msg time="2025-02-17T14:35:09.974389" level="INFO">${refnum_length} = 7</msg>
<var>${refnum_length}</var>
<arg>${refnum}</arg>
<doc>Returns and logs the length of the given item as an integer.</doc>
<status status="PASS" start="2025-02-17T14:35:09.973389" elapsed="0.001000"/>
</kw>
<kw name="Get Substring" owner="String">
<msg time="2025-02-17T14:35:09.974389" level="INFO">${refnum_first_char} = 1</msg>
<var>${refnum_first_char}</var>
<arg>${refnum}</arg>
<arg>0</arg>
<arg>1</arg>
<doc>Returns a substring from ``start`` index to ``end`` index.</doc>
<status status="PASS" start="2025-02-17T14:35:09.974389" elapsed="0.001001"/>
</kw>
<if>
<branch type="IF" condition="${refnum_length} &lt; 3 or ${refnum_length} &gt; 20 or ${refnum_first_char} == 0">
<kw name="Set To Dictionary" owner="Collections">
<arg>${row}</arg>
<arg>RefNum=invalid</arg>
<doc>Adds the given ``key_value_pairs`` and/or ``items`` to the ``dictionary``.</doc>
<status status="NOT RUN" start="2025-02-17T14:35:09.975390" elapsed="0.000000"/>
</kw>
<status status="NOT RUN" start="2025-02-17T14:35:09.975390" elapsed="0.001000"/>
</branch>
<status status="PASS" start="2025-02-17T14:35:09.975390" elapsed="0.001000"/>
</if>
<kw name="Evaluate" owner="BuiltIn">
<msg time="2025-02-17T14:35:09.976390" level="INFO">${iban} = FI1234567890123456</msg>
<var>${iban}</var>
<arg>str("${iban}").replace(" ", "")</arg>
<doc>Evaluates the given expression in Python and returns the result.</doc>
<status status="PASS" start="2025-02-17T14:35:09.976390" elapsed="0.000000"/>
</kw>
<kw name="Set To Dictionary" owner="Collections">
<arg>${row}</arg>
<arg>IBAN=${iban}</arg>
<doc>Adds the given ``key_value_pairs`` and/or ``items`` to the ``dictionary``.</doc>
<status status="PASS" start="2025-02-17T14:35:09.977416" elapsed="0.000245"/>
</kw>
<kw name="Get Length" owner="BuiltIn">
<msg time="2025-02-17T14:35:09.977661" level="INFO">Length is 18.</msg>
<msg time="2025-02-17T14:35:09.978662" level="INFO">${iban_length} = 18</msg>
<var>${iban_length}</var>
<arg>${iban}</arg>
<doc>Returns and logs the length of the given item as an integer.</doc>
<status status="PASS" start="2025-02-17T14:35:09.977661" elapsed="0.001001"/>
</kw>
<kw name="Get Substring" owner="String">
<msg time="2025-02-17T14:35:09.978662" level="INFO">${iban_first_char} = FI</msg>
<var>${iban_first_char}</var>
<arg>${iban}</arg>
<arg>0</arg>
<arg>2</arg>
<doc>Returns a substring from ``start`` index to ``end`` index.</doc>
<status status="PASS" start="2025-02-17T14:35:09.978662" elapsed="0.000999"/>
</kw>
<if>
<branch type="IF" condition="&quot;${iban_first_char}&quot; != &quot;FI&quot; or ${iban_length} != 18">
<kw name="Set To Dictionary" owner="Collections">
<arg>${row}</arg>
<arg>IBAN=invalid</arg>
<doc>Adds the given ``key_value_pairs`` and/or ``items`` to the ``dictionary``.</doc>
<status status="NOT RUN" start="2025-02-17T14:35:09.979661" elapsed="0.001001"/>
</kw>
<status status="NOT RUN" start="2025-02-17T14:35:09.979661" elapsed="0.001001"/>
</branch>
<status status="PASS" start="2025-02-17T14:35:09.979661" elapsed="0.001001"/>
</if>
<kw name="Run Keyword And Return Status" owner="BuiltIn">
<kw name="Should Match Regexp" owner="BuiltIn">
<arg>${iban}</arg>
<arg>^FI[0-9]{16}$</arg>
<doc>Fails if ``string`` does not match ``pattern`` as a regular expression.</doc>
<status status="PASS" start="2025-02-17T14:35:09.980662" elapsed="0.001002"/>
</kw>
<msg time="2025-02-17T14:35:09.981664" level="INFO">${iban_validation} = True</msg>
<var>${iban_validation}</var>
<arg>Should Match Regexp</arg>
<arg>${iban}</arg>
<arg>^FI[0-9]{16}$</arg>
<doc>Runs the given keyword with given arguments and returns the status as a Boolean value.</doc>
<status status="PASS" start="2025-02-17T14:35:09.980662" elapsed="0.001002"/>
</kw>
<if>
<branch type="IF" condition="${iban_validation} == &quot;False&quot;">
<kw name="Set To Dictionary" owner="Collections">
<arg>${row}</arg>
<arg>IBAN=invalid</arg>
<doc>Adds the given ``key_value_pairs`` and/or ``items`` to the ``dictionary``.</doc>
<status status="NOT RUN" start="2025-02-17T14:35:09.982663" elapsed="0.000000"/>
</kw>
<status status="NOT RUN" start="2025-02-17T14:35:09.981664" elapsed="0.000999"/>
</branch>
<status status="PASS" start="2025-02-17T14:35:09.981664" elapsed="0.000999"/>
</if>
<kw name="Run Keyword And Return Status" owner="BuiltIn">
<kw name="Should Match Regexp" owner="BuiltIn">
<arg>12/15/2022</arg>
<arg>^(0[1-9]|1[0-2])/(0[1-9]|1[0-9]|2[0-9]|30|31)/[0-9]{4}$</arg>
<doc>Fails if ``string`` does not match ``pattern`` as a regular expression.</doc>
<status status="PASS" start="2025-02-17T14:35:09.982663" elapsed="0.001048"/>
</kw>
<msg time="2025-02-17T14:35:09.983802" level="INFO">${date_validation} = True</msg>
<var>${date_validation}</var>
<arg>Should Match Regexp</arg>
<arg>12/15/2022</arg>
<arg>^(0[1-9]|1[0-2])/(0[1-9]|1[0-9]|2[0-9]|30|31)/[0-9]{4}$</arg>
<doc>Runs the given keyword with given arguments and returns the status as a Boolean value.</doc>
<status status="PASS" start="2025-02-17T14:35:09.982663" elapsed="0.001139"/>
</kw>
<if>
<branch type="IF" condition="${date_validation} == &quot;False&quot;">
<kw name="Set To Dictionary" owner="Collections">
<arg>${row}</arg>
<arg>Date="invalid"</arg>
<doc>Adds the given ``key_value_pairs`` and/or ``items`` to the ``dictionary``.</doc>
<status status="NOT RUN" start="2025-02-17T14:35:09.983802" elapsed="0.000000"/>
</kw>
<status status="NOT RUN" start="2025-02-17T14:35:09.983802" elapsed="0.000000"/>
</branch>
<status status="PASS" start="2025-02-17T14:35:09.983802" elapsed="0.000000"/>
</if>
<kw name="Append To Csv File" owner="CSVLibrary">
<arg>${excel_filepath}</arg>
<arg>${row}</arg>
<doc>This keyword will append data to a new or existing CSV file.</doc>
<status status="PASS" start="2025-02-17T14:35:09.984803" elapsed="0.002002"/>
</kw>
<var name="${row}">{'Amount': '1674', 'RefNum': '1431432', 'IBAN': ' FI12 3456 7890 1234 56', 'Date': '12/15/2022'}</var>
<status status="PASS" start="2025-02-17T14:35:09.966387" elapsed="0.021417"/>
</iter>
<iter>
<kw name="Get From Dictionary" owner="Collections">
<msg time="2025-02-17T14:35:09.988805" level="INFO">${amount} = 576.6</msg>
<var>${amount}</var>
<arg>${row}</arg>
<arg>Amount</arg>
<doc>Returns a value from the given ``dictionary`` based on the given ``key``.</doc>
<status status="PASS" start="2025-02-17T14:35:09.987804" elapsed="0.001001"/>
</kw>
<kw name="Get From Dictionary" owner="Collections">
<msg time="2025-02-17T14:35:09.988805" level="INFO">${refnum} = 15432359</msg>
<var>${refnum}</var>
<arg>${row}</arg>
<arg>RefNum</arg>
<doc>Returns a value from the given ``dictionary`` based on the given ``key``.</doc>
<status status="PASS" start="2025-02-17T14:35:09.988805" elapsed="0.000000"/>
</kw>
<kw name="Get From Dictionary" owner="Collections">
<msg time="2025-02-17T14:35:09.989806" level="INFO">${iban} =  FI05 1234 5600 7891 01</msg>
<var>${iban}</var>
<arg>${row}</arg>
<arg>IBAN</arg>
<doc>Returns a value from the given ``dictionary`` based on the given ``key``.</doc>
<status status="PASS" start="2025-02-17T14:35:09.989806" elapsed="0.000000"/>
</kw>
<kw name="Get From Dictionary" owner="Collections">
<msg time="2025-02-17T14:35:09.990807" level="INFO">${date} = 10/1/2022</msg>
<var>${date}</var>
<arg>${row}</arg>
<arg>Date</arg>
<doc>Returns a value from the given ``dictionary`` based on the given ``key``.</doc>
<status status="PASS" start="2025-02-17T14:35:09.989806" elapsed="0.001001"/>
</kw>
<if>
<branch type="IF" condition="${amount} &lt;= 0">
<kw name="Set To Dictionary" owner="Collections">
<arg>${row}</arg>
<arg>Amount=invalid</arg>
<doc>Adds the given ``key_value_pairs`` and/or ``items`` to the ``dictionary``.</doc>
<status status="NOT RUN" start="2025-02-17T14:35:09.990807" elapsed="0.000000"/>
</kw>
<status status="NOT RUN" start="2025-02-17T14:35:09.990807" elapsed="0.000000"/>
</branch>
<status status="PASS" start="2025-02-17T14:35:09.990807" elapsed="0.000000"/>
</if>
<kw name="Get Length" owner="BuiltIn">
<msg time="2025-02-17T14:35:09.991808" level="INFO">Length is 8.</msg>
<msg time="2025-02-17T14:35:09.991808" level="INFO">${refnum_length} = 8</msg>
<var>${refnum_length}</var>
<arg>${refnum}</arg>
<doc>Returns and logs the length of the given item as an integer.</doc>
<status status="PASS" start="2025-02-17T14:35:09.991808" elapsed="0.000000"/>
</kw>
<kw name="Get Substring" owner="String">
<msg time="2025-02-17T14:35:09.992806" level="INFO">${refnum_first_char} = 1</msg>
<var>${refnum_first_char}</var>
<arg>${refnum}</arg>
<arg>0</arg>
<arg>1</arg>
<doc>Returns a substring from ``start`` index to ``end`` index.</doc>
<status status="PASS" start="2025-02-17T14:35:09.991808" elapsed="0.000998"/>
</kw>
<if>
<branch type="IF" condition="${refnum_length} &lt; 3 or ${refnum_length} &gt; 20 or ${refnum_first_char} == 0">
<kw name="Set To Dictionary" owner="Collections">
<arg>${row}</arg>
<arg>RefNum=invalid</arg>
<doc>Adds the given ``key_value_pairs`` and/or ``items`` to the ``dictionary``.</doc>
<status status="NOT RUN" start="2025-02-17T14:35:09.993806" elapsed="0.000000"/>
</kw>
<status status="NOT RUN" start="2025-02-17T14:35:09.992806" elapsed="0.001000"/>
</branch>
<status status="PASS" start="2025-02-17T14:35:09.992806" elapsed="0.001000"/>
</if>
<kw name="Evaluate" owner="BuiltIn">
<msg time="2025-02-17T14:35:09.994807" level="INFO">${iban} = FI0512345600789101</msg>
<var>${iban}</var>
<arg>str("${iban}").replace(" ", "")</arg>
<doc>Evaluates the given expression in Python and returns the result.</doc>
<status status="PASS" start="2025-02-17T14:35:09.993806" elapsed="0.001001"/>
</kw>
<kw name="Set To Dictionary" owner="Collections">
<arg>${row}</arg>
<arg>IBAN=${iban}</arg>
<doc>Adds the given ``key_value_pairs`` and/or ``items`` to the ``dictionary``.</doc>
<status status="PASS" start="2025-02-17T14:35:09.994807" elapsed="0.001001"/>
</kw>
<kw name="Get Length" owner="BuiltIn">
<msg time="2025-02-17T14:35:09.996461" level="INFO">Length is 18.</msg>
<msg time="2025-02-17T14:35:09.996819" level="INFO">${iban_length} = 18</msg>
<var>${iban_length}</var>
<arg>${iban}</arg>
<doc>Returns and logs the length of the given item as an integer.</doc>
<status status="PASS" start="2025-02-17T14:35:09.995808" elapsed="0.001011"/>
</kw>
<kw name="Get Substring" owner="String">
<msg time="2025-02-17T14:35:09.997819" level="INFO">${iban_first_char} = FI</msg>
<var>${iban_first_char}</var>
<arg>${iban}</arg>
<arg>0</arg>
<arg>2</arg>
<doc>Returns a substring from ``start`` index to ``end`` index.</doc>
<status status="PASS" start="2025-02-17T14:35:09.996819" elapsed="0.001000"/>
</kw>
<if>
<branch type="IF" condition="&quot;${iban_first_char}&quot; != &quot;FI&quot; or ${iban_length} != 18">
<kw name="Set To Dictionary" owner="Collections">
<arg>${row}</arg>
<arg>IBAN=invalid</arg>
<doc>Adds the given ``key_value_pairs`` and/or ``items`` to the ``dictionary``.</doc>
<status status="NOT RUN" start="2025-02-17T14:35:09.998820" elapsed="0.000000"/>
</kw>
<status status="NOT RUN" start="2025-02-17T14:35:09.997819" elapsed="0.001001"/>
</branch>
<status status="PASS" start="2025-02-17T14:35:09.997819" elapsed="0.001001"/>
</if>
<kw name="Run Keyword And Return Status" owner="BuiltIn">
<kw name="Should Match Regexp" owner="BuiltIn">
<arg>${iban}</arg>
<arg>^FI[0-9]{16}$</arg>
<doc>Fails if ``string`` does not match ``pattern`` as a regular expression.</doc>
<status status="PASS" start="2025-02-17T14:35:09.999819" elapsed="0.000000"/>
</kw>
<msg time="2025-02-17T14:35:09.999819" level="INFO">${iban_validation} = True</msg>
<var>${iban_validation}</var>
<arg>Should Match Regexp</arg>
<arg>${iban}</arg>
<arg>^FI[0-9]{16}$</arg>
<doc>Runs the given keyword with given arguments and returns the status as a Boolean value.</doc>
<status status="PASS" start="2025-02-17T14:35:09.998820" elapsed="0.000999"/>
</kw>
<if>
<branch type="IF" condition="${iban_validation} == &quot;False&quot;">
<kw name="Set To Dictionary" owner="Collections">
<arg>${row}</arg>
<arg>IBAN=invalid</arg>
<doc>Adds the given ``key_value_pairs`` and/or ``items`` to the ``dictionary``.</doc>
<status status="NOT RUN" start="2025-02-17T14:35:10.000820" elapsed="0.000000"/>
</kw>
<status status="NOT RUN" start="2025-02-17T14:35:09.999819" elapsed="0.001001"/>
</branch>
<status status="PASS" start="2025-02-17T14:35:09.999819" elapsed="0.001001"/>
</if>
<kw name="Run Keyword And Return Status" owner="BuiltIn">
<kw name="Should Match Regexp" owner="BuiltIn">
<arg>12/15/2022</arg>
<arg>^(0[1-9]|1[0-2])/(0[1-9]|1[0-9]|2[0-9]|30|31)/[0-9]{4}$</arg>
<doc>Fails if ``string`` does not match ``pattern`` as a regular expression.</doc>
<status status="PASS" start="2025-02-17T14:35:10.001819" elapsed="0.000000"/>
</kw>
<msg time="2025-02-17T14:35:10.002820" level="INFO">${date_validation} = True</msg>
<var>${date_validation}</var>
<arg>Should Match Regexp</arg>
<arg>12/15/2022</arg>
<arg>^(0[1-9]|1[0-2])/(0[1-9]|1[0-9]|2[0-9]|30|31)/[0-9]{4}$</arg>
<doc>Runs the given keyword with given arguments and returns the status as a Boolean value.</doc>
<status status="PASS" start="2025-02-17T14:35:10.000820" elapsed="0.002000"/>
</kw>
<if>
<branch type="IF" condition="${date_validation} == &quot;False&quot;">
<kw name="Set To Dictionary" owner="Collections">
<arg>${row}</arg>
<arg>Date="invalid"</arg>
<doc>Adds the given ``key_value_pairs`` and/or ``items`` to the ``dictionary``.</doc>
<status status="NOT RUN" start="2025-02-17T14:35:10.002820" elapsed="0.000000"/>
</kw>
<status status="NOT RUN" start="2025-02-17T14:35:10.002820" elapsed="0.001000"/>
</branch>
<status status="PASS" start="2025-02-17T14:35:10.002820" elapsed="0.001000"/>
</if>
<kw name="Append To Csv File" owner="CSVLibrary">
<arg>${excel_filepath}</arg>
<arg>${row}</arg>
<doc>This keyword will append data to a new or existing CSV file.</doc>
<status status="PASS" start="2025-02-17T14:35:10.004820" elapsed="0.004001"/>
</kw>
<var name="${row}">{'Amount': '576.6', 'RefNum': '15432359', 'IBAN': ' FI05 1234 5600 7891 01', 'Date': '10/1/2022'}</var>
<status status="PASS" start="2025-02-17T14:35:09.987804" elapsed="0.021017"/>
</iter>
<iter>
<kw name="Get From Dictionary" owner="Collections">
<msg time="2025-02-17T14:35:10.009821" level="INFO">${amount} = 3348</msg>
<var>${amount}</var>
<arg>${row}</arg>
<arg>Amount</arg>
<doc>Returns a value from the given ``dictionary`` based on the given ``key``.</doc>
<status status="PASS" start="2025-02-17T14:35:10.009821" elapsed="0.000000"/>
</kw>
<kw name="Get From Dictionary" owner="Collections">
<msg time="2025-02-17T14:35:10.010823" level="INFO">${refnum} = 1531439</msg>
<var>${refnum}</var>
<arg>${row}</arg>
<arg>RefNum</arg>
<doc>Returns a value from the given ``dictionary`` based on the given ``key``.</doc>
<status status="PASS" start="2025-02-17T14:35:10.010823" elapsed="0.000000"/>
</kw>
<kw name="Get From Dictionary" owner="Collections">
<msg time="2025-02-17T14:35:10.011824" level="INFO">${iban} =  FI12 3456 7890 1234 56</msg>
<var>${iban}</var>
<arg>${row}</arg>
<arg>IBAN</arg>
<doc>Returns a value from the given ``dictionary`` based on the given ``key``.</doc>
<status status="PASS" start="2025-02-17T14:35:10.010823" elapsed="0.001001"/>
</kw>
<kw name="Get From Dictionary" owner="Collections">
<msg time="2025-02-17T14:35:10.011824" level="INFO">${date} = 12/15/2022</msg>
<var>${date}</var>
<arg>${row}</arg>
<arg>Date</arg>
<doc>Returns a value from the given ``dictionary`` based on the given ``key``.</doc>
<status status="PASS" start="2025-02-17T14:35:10.011824" elapsed="0.000999"/>
</kw>
<if>
<branch type="IF" condition="${amount} &lt;= 0">
<kw name="Set To Dictionary" owner="Collections">
<arg>${row}</arg>
<arg>Amount=invalid</arg>
<doc>Adds the given ``key_value_pairs`` and/or ``items`` to the ``dictionary``.</doc>
<status status="NOT RUN" start="2025-02-17T14:35:10.012823" elapsed="0.000000"/>
</kw>
<status status="NOT RUN" start="2025-02-17T14:35:10.012823" elapsed="0.000000"/>
</branch>
<status status="PASS" start="2025-02-17T14:35:10.012823" elapsed="0.000000"/>
</if>
<kw name="Get Length" owner="BuiltIn">
<msg time="2025-02-17T14:35:10.013823" level="INFO">Length is 7.</msg>
<msg time="2025-02-17T14:35:10.013823" level="INFO">${refnum_length} = 7</msg>
<var>${refnum_length}</var>
<arg>${refnum}</arg>
<doc>Returns and logs the length of the given item as an integer.</doc>
<status status="PASS" start="2025-02-17T14:35:10.012823" elapsed="0.001000"/>
</kw>
<kw name="Get Substring" owner="String">
<msg time="2025-02-17T14:35:10.013823" level="INFO">${refnum_first_char} = 1</msg>
<var>${refnum_first_char}</var>
<arg>${refnum}</arg>
<arg>0</arg>
<arg>1</arg>
<doc>Returns a substring from ``start`` index to ``end`` index.</doc>
<status status="PASS" start="2025-02-17T14:35:10.013823" elapsed="0.001001"/>
</kw>
<if>
<branch type="IF" condition="${refnum_length} &lt; 3 or ${refnum_length} &gt; 20 or ${refnum_first_char} == 0">
<kw name="Set To Dictionary" owner="Collections">
<arg>${row}</arg>
<arg>RefNum=invalid</arg>
<doc>Adds the given ``key_value_pairs`` and/or ``items`` to the ``dictionary``.</doc>
<status status="NOT RUN" start="2025-02-17T14:35:10.014824" elapsed="0.000000"/>
</kw>
<status status="NOT RUN" start="2025-02-17T14:35:10.014824" elapsed="0.000000"/>
</branch>
<status status="PASS" start="2025-02-17T14:35:10.014824" elapsed="0.000000"/>
</if>
<kw name="Evaluate" owner="BuiltIn">
<msg time="2025-02-17T14:35:10.015824" level="INFO">${iban} = FI1234567890123456</msg>
<var>${iban}</var>
<arg>str("${iban}").replace(" ", "")</arg>
<doc>Evaluates the given expression in Python and returns the result.</doc>
<status status="PASS" start="2025-02-17T14:35:10.014824" elapsed="0.001000"/>
</kw>
<kw name="Set To Dictionary" owner="Collections">
<arg>${row}</arg>
<arg>IBAN=${iban}</arg>
<doc>Adds the given ``key_value_pairs`` and/or ``items`` to the ``dictionary``.</doc>
<status status="PASS" start="2025-02-17T14:35:10.015824" elapsed="0.000000"/>
</kw>
<kw name="Get Length" owner="BuiltIn">
<msg time="2025-02-17T14:35:10.016826" level="INFO">Length is 18.</msg>
<msg time="2025-02-17T14:35:10.016826" level="INFO">${iban_length} = 18</msg>
<var>${iban_length}</var>
<arg>${iban}</arg>
<doc>Returns and logs the length of the given item as an integer.</doc>
<status status="PASS" start="2025-02-17T14:35:10.016826" elapsed="0.000000"/>
</kw>
<kw name="Get Substring" owner="String">
<msg time="2025-02-17T14:35:10.017825" level="INFO">${iban_first_char} = FI</msg>
<var>${iban_first_char}</var>
<arg>${iban}</arg>
<arg>0</arg>
<arg>2</arg>
<doc>Returns a substring from ``start`` index to ``end`` index.</doc>
<status status="PASS" start="2025-02-17T14:35:10.017825" elapsed="0.000000"/>
</kw>
<if>
<branch type="IF" condition="&quot;${iban_first_char}&quot; != &quot;FI&quot; or ${iban_length} != 18">
<kw name="Set To Dictionary" owner="Collections">
<arg>${row}</arg>
<arg>IBAN=invalid</arg>
<doc>Adds the given ``key_value_pairs`` and/or ``items`` to the ``dictionary``.</doc>
<status status="NOT RUN" start="2025-02-17T14:35:10.018824" elapsed="0.000000"/>
</kw>
<status status="NOT RUN" start="2025-02-17T14:35:10.017825" elapsed="0.000999"/>
</branch>
<status status="PASS" start="2025-02-17T14:35:10.017825" elapsed="0.000999"/>
</if>
<kw name="Run Keyword And Return Status" owner="BuiltIn">
<kw name="Should Match Regexp" owner="BuiltIn">
<arg>${iban}</arg>
<arg>^FI[0-9]{16}$</arg>
<doc>Fails if ``string`` does not match ``pattern`` as a regular expression.</doc>
<status status="PASS" start="2025-02-17T14:35:10.019823" elapsed="0.000000"/>
</kw>
<msg time="2025-02-17T14:35:10.019823" level="INFO">${iban_validation} = True</msg>
<var>${iban_validation}</var>
<arg>Should Match Regexp</arg>
<arg>${iban}</arg>
<arg>^FI[0-9]{16}$</arg>
<doc>Runs the given keyword with given arguments and returns the status as a Boolean value.</doc>
<status status="PASS" start="2025-02-17T14:35:10.018824" elapsed="0.000999"/>
</kw>
<if>
<branch type="IF" condition="${iban_validation} == &quot;False&quot;">
<kw name="Set To Dictionary" owner="Collections">
<arg>${row}</arg>
<arg>IBAN=invalid</arg>
<doc>Adds the given ``key_value_pairs`` and/or ``items`` to the ``dictionary``.</doc>
<status status="NOT RUN" start="2025-02-17T14:35:10.025824" elapsed="0.000000"/>
</kw>
<status status="NOT RUN" start="2025-02-17T14:35:10.025824" elapsed="0.000000"/>
</branch>
<status status="PASS" start="2025-02-17T14:35:10.024825" elapsed="0.002002"/>
</if>
<kw name="Run Keyword And Return Status" owner="BuiltIn">
<kw name="Should Match Regexp" owner="BuiltIn">
<arg>12/15/2022</arg>
<arg>^(0[1-9]|1[0-2])/(0[1-9]|1[0-9]|2[0-9]|30|31)/[0-9]{4}$</arg>
<doc>Fails if ``string`` does not match ``pattern`` as a regular expression.</doc>
<status status="PASS" start="2025-02-17T14:35:10.027825" elapsed="0.000000"/>
</kw>
<msg time="2025-02-17T14:35:10.027825" level="INFO">${date_validation} = True</msg>
<var>${date_validation}</var>
<arg>Should Match Regexp</arg>
<arg>12/15/2022</arg>
<arg>^(0[1-9]|1[0-2])/(0[1-9]|1[0-9]|2[0-9]|30|31)/[0-9]{4}$</arg>
<doc>Runs the given keyword with given arguments and returns the status as a Boolean value.</doc>
<status status="PASS" start="2025-02-17T14:35:10.026827" elapsed="0.001999"/>
</kw>
<if>
<branch type="IF" condition="${date_validation} == &quot;False&quot;">
<kw name="Set To Dictionary" owner="Collections">
<arg>${row}</arg>
<arg>Date="invalid"</arg>
<doc>Adds the given ``key_value_pairs`` and/or ``items`` to the ``dictionary``.</doc>
<status status="NOT RUN" start="2025-02-17T14:35:10.028826" elapsed="0.001000"/>
</kw>
<status status="NOT RUN" start="2025-02-17T14:35:10.028826" elapsed="0.001000"/>
</branch>
<status status="PASS" start="2025-02-17T14:35:10.028826" elapsed="0.001000"/>
</if>
<kw name="Append To Csv File" owner="CSVLibrary">
<arg>${excel_filepath}</arg>
<arg>${row}</arg>
<doc>This keyword will append data to a new or existing CSV file.</doc>
<status status="PASS" start="2025-02-17T14:35:10.029826" elapsed="0.005001"/>
</kw>
<var name="${row}">{'Amount': '3348', 'RefNum': '1531439', 'IBAN': ' FI12 3456 7890 1234 56', 'Date': '12/15/2022'}</var>
<status status="PASS" start="2025-02-17T14:35:10.009821" elapsed="0.026008"/>
</iter>
<var>${row}</var>
<value>@{loaded_data}</value>
<status status="PASS" start="2025-02-17T14:35:09.966387" elapsed="0.069442"/>
</for>
<status status="PASS" start="2025-02-17T14:35:09.751207" elapsed="0.291363"/>
</test>
<status status="PASS" start="2025-02-17T14:35:08.887525" elapsed="1.157044"/>
</suite>
<statistics>
<total>
<stat pass="1" fail="0" skip="0">All Tests</stat>
</total>
<tag>
</tag>
<suite>
<stat pass="1" fail="0" skip="0" id="s1" name="Invoice Verification">Invoice Verification</stat>
</suite>
</statistics>
<errors>
</errors>
</robot>
