<?xml version="1.0" encoding="UTF-8"?>
<robot generator="Robot 7.2.2 (Python 3.11.0 on win32)" generated="2025-02-27T17:40:52.424634" rpa="false" schemaversion="5">
<suite id="s1" name="Invoice Verification" source="c:\Users\julko\Desktop\School Stuff\sraa\RPA Project\robotframework\invoice_verification.robot">
<test id="s1-t1" name="Invoice Verification" line="24">
<kw name="Set Variable" owner="BuiltIn">
<msg time="2025-02-27T17:40:52.535952" level="INFO">${excel_filepath} = temptest.csv</msg>
<var>${excel_filepath}</var>
<arg>temptest.csv</arg>
<doc>Returns the given values which can then be assigned to a variables.</doc>
<status status="PASS" start="2025-02-27T17:40:52.535952" elapsed="0.001000"/>
</kw>
<kw name="Read table from CSV" owner="RPA.Tables">
<msg time="2025-02-27T17:40:52.538366" level="INFO">${loaded_data} = Table(columns=['Amount', 'RefNum', 'IBAN', 'Date'], rows=3)</msg>
<var>${loaded_data}</var>
<arg>${excel_filepath}</arg>
<arg>header=True</arg>
<doc>Read a CSV file as a table.</doc>
<status status="PASS" start="2025-02-27T17:40:52.536952" elapsed="0.001414"/>
</kw>
<for flavor="IN">
<iter>
<kw name="Get From Dictionary" owner="Collections">
<msg time="2025-02-27T17:40:52.538366" level="INFO">${amount} = 1674</msg>
<var>${amount}</var>
<arg>${row}</arg>
<arg>Amount</arg>
<doc>Returns a value from the given ``dictionary`` based on the given ``key``.</doc>
<status status="PASS" start="2025-02-27T17:40:52.538366" elapsed="0.000000"/>
</kw>
<kw name="Get From Dictionary" owner="Collections">
<msg time="2025-02-27T17:40:52.539506" level="INFO">${refnum} = 1431432</msg>
<var>${refnum}</var>
<arg>${row}</arg>
<arg>RefNum</arg>
<doc>Returns a value from the given ``dictionary`` based on the given ``key``.</doc>
<status status="PASS" start="2025-02-27T17:40:52.539506" elapsed="0.000000"/>
</kw>
<kw name="Get From Dictionary" owner="Collections">
<msg time="2025-02-27T17:40:52.539506" level="INFO">${iban} =  FI12 3456 7890 1234 56</msg>
<var>${iban}</var>
<arg>${row}</arg>
<arg>IBAN</arg>
<doc>Returns a value from the given ``dictionary`` based on the given ``key``.</doc>
<status status="PASS" start="2025-02-27T17:40:52.539506" elapsed="0.000000"/>
</kw>
<kw name="Get From Dictionary" owner="Collections">
<msg time="2025-02-27T17:40:52.539506" level="INFO">${date} = 12/15/2022</msg>
<var>${date}</var>
<arg>${row}</arg>
<arg>Date</arg>
<doc>Returns a value from the given ``dictionary`` based on the given ``key``.</doc>
<status status="PASS" start="2025-02-27T17:40:52.539506" elapsed="0.000000"/>
</kw>
<if>
<branch type="IF" condition="${amount} &lt;= 0">
<kw name="Set To Dictionary" owner="Collections">
<arg>${row}</arg>
<arg>Amount=invalid</arg>
<doc>Adds the given ``key_value_pairs`` and/or ``items`` to the ``dictionary``.</doc>
<status status="NOT RUN" start="2025-02-27T17:40:52.539506" elapsed="0.001001"/>
</kw>
<status status="NOT RUN" start="2025-02-27T17:40:52.539506" elapsed="0.001001"/>
</branch>
<status status="PASS" start="2025-02-27T17:40:52.539506" elapsed="0.001001"/>
</if>
<kw name="Get Length" owner="BuiltIn">
<msg time="2025-02-27T17:40:52.540507" level="INFO">Length is 7.</msg>
<msg time="2025-02-27T17:40:52.540507" level="INFO">${refnum_length} = 7</msg>
<var>${refnum_length}</var>
<arg>${refnum}</arg>
<doc>Returns and logs the length of the given item as an integer.</doc>
<status status="PASS" start="2025-02-27T17:40:52.540507" elapsed="0.000000"/>
</kw>
<kw name="Get Substring" owner="String">
<msg time="2025-02-27T17:40:52.540507" level="INFO">${refnum_first_char} = 1</msg>
<var>${refnum_first_char}</var>
<arg>${refnum}</arg>
<arg>0</arg>
<arg>1</arg>
<doc>Returns a substring from ``start`` index to ``end`` index.</doc>
<status status="PASS" start="2025-02-27T17:40:52.540507" elapsed="0.000000"/>
</kw>
<if>
<branch type="IF" condition="${refnum_length} &lt; 3 or ${refnum_length} &gt; 20 or ${refnum_first_char} == 0">
<kw name="Set To Dictionary" owner="Collections">
<arg>${row}</arg>
<arg>RefNum=invalid</arg>
<doc>Adds the given ``key_value_pairs`` and/or ``items`` to the ``dictionary``.</doc>
<status status="NOT RUN" start="2025-02-27T17:40:52.540507" elapsed="0.000000"/>
</kw>
<status status="NOT RUN" start="2025-02-27T17:40:52.540507" elapsed="0.000000"/>
</branch>
<status status="PASS" start="2025-02-27T17:40:52.540507" elapsed="0.000000"/>
</if>
<kw name="Evaluate" owner="BuiltIn">
<msg time="2025-02-27T17:40:52.541506" level="INFO">${iban} = FI1234567890123456</msg>
<var>${iban}</var>
<arg>str("${iban}").replace(" ", "")</arg>
<doc>Evaluates the given expression in Python and returns the result.</doc>
<status status="PASS" start="2025-02-27T17:40:52.541506" elapsed="0.000000"/>
</kw>
<kw name="Set To Dictionary" owner="Collections">
<arg>${row}</arg>
<arg>IBAN=${iban}</arg>
<doc>Adds the given ``key_value_pairs`` and/or ``items`` to the ``dictionary``.</doc>
<status status="PASS" start="2025-02-27T17:40:52.541506" elapsed="0.000000"/>
</kw>
<kw name="Get Length" owner="BuiltIn">
<msg time="2025-02-27T17:40:52.541506" level="INFO">Length is 18.</msg>
<msg time="2025-02-27T17:40:52.541506" level="INFO">${iban_length} = 18</msg>
<var>${iban_length}</var>
<arg>${iban}</arg>
<doc>Returns and logs the length of the given item as an integer.</doc>
<status status="PASS" start="2025-02-27T17:40:52.541506" elapsed="0.000000"/>
</kw>
<kw name="Get Substring" owner="String">
<msg time="2025-02-27T17:40:52.541506" level="INFO">${iban_first_char} = FI</msg>
<var>${iban_first_char}</var>
<arg>${iban}</arg>
<arg>0</arg>
<arg>2</arg>
<doc>Returns a substring from ``start`` index to ``end`` index.</doc>
<status status="PASS" start="2025-02-27T17:40:52.541506" elapsed="0.000000"/>
</kw>
<if>
<branch type="IF" condition="&quot;${iban_first_char}&quot; != &quot;FI&quot; or ${iban_length} != 18">
<kw name="Set To Dictionary" owner="Collections">
<arg>${row}</arg>
<arg>IBAN=invalid</arg>
<doc>Adds the given ``key_value_pairs`` and/or ``items`` to the ``dictionary``.</doc>
<status status="NOT RUN" start="2025-02-27T17:40:52.542507" elapsed="0.000000"/>
</kw>
<status status="NOT RUN" start="2025-02-27T17:40:52.541506" elapsed="0.001001"/>
</branch>
<status status="PASS" start="2025-02-27T17:40:52.541506" elapsed="0.001001"/>
</if>
<kw name="Run Keyword And Return Status" owner="BuiltIn">
<kw name="Should Match Regexp" owner="BuiltIn">
<arg>${iban}</arg>
<arg>^FI[0-9]{16}$</arg>
<doc>Fails if ``string`` does not match ``pattern`` as a regular expression.</doc>
<status status="PASS" start="2025-02-27T17:40:52.542507" elapsed="0.000000"/>
</kw>
<msg time="2025-02-27T17:40:52.542507" level="INFO">${iban_validation} = True</msg>
<var>${iban_validation}</var>
<arg>Should Match Regexp</arg>
<arg>${iban}</arg>
<arg>^FI[0-9]{16}$</arg>
<doc>Runs the given keyword with given arguments and returns the status as a Boolean value.</doc>
<status status="PASS" start="2025-02-27T17:40:52.542507" elapsed="0.000000"/>
</kw>
<if>
<branch type="IF" condition="not ${iban_validation}">
<kw name="Set To Dictionary" owner="Collections">
<arg>${row}</arg>
<arg>IBAN=invalid</arg>
<doc>Adds the given ``key_value_pairs`` and/or ``items`` to the ``dictionary``.</doc>
<status status="NOT RUN" start="2025-02-27T17:40:52.542507" elapsed="0.000000"/>
</kw>
<kw name="Log" owner="BuiltIn">
<arg>${iban_validation}</arg>
<doc>Logs the given message with the given level.</doc>
<status status="NOT RUN" start="2025-02-27T17:40:52.542507" elapsed="0.000000"/>
</kw>
<status status="NOT RUN" start="2025-02-27T17:40:52.542507" elapsed="0.000000"/>
</branch>
<status status="PASS" start="2025-02-27T17:40:52.542507" elapsed="0.001000"/>
</if>
<kw name="Run Keyword And Return Status" owner="BuiltIn">
<kw name="Should Match Regexp" owner="BuiltIn">
<arg>${date}</arg>
<arg>^((0?[1-9])|1[0-2])/((0?[1-9])|[12][0-9]|30|31)/[0-9]{4}$</arg>
<doc>Fails if ``string`` does not match ``pattern`` as a regular expression.</doc>
<status status="PASS" start="2025-02-27T17:40:52.543507" elapsed="0.000000"/>
</kw>
<msg time="2025-02-27T17:40:52.543507" level="INFO">${date_validation} = True</msg>
<var>${date_validation}</var>
<arg>Should Match Regexp</arg>
<arg>${date}</arg>
<arg>^((0?[1-9])|1[0-2])/((0?[1-9])|[12][0-9]|30|31)/[0-9]{4}$</arg>
<doc>Runs the given keyword with given arguments and returns the status as a Boolean value.</doc>
<status status="PASS" start="2025-02-27T17:40:52.543507" elapsed="0.000000"/>
</kw>
<if>
<branch type="IF" condition="not ${date_validation}">
<kw name="Set To Dictionary" owner="Collections">
<arg>${row}</arg>
<arg>Date=invalid</arg>
<doc>Adds the given ``key_value_pairs`` and/or ``items`` to the ``dictionary``.</doc>
<status status="NOT RUN" start="2025-02-27T17:40:52.543507" elapsed="0.000000"/>
</kw>
<kw name="Log" owner="BuiltIn">
<arg>${date_validation}</arg>
<doc>Logs the given message with the given level.</doc>
<status status="NOT RUN" start="2025-02-27T17:40:52.543507" elapsed="0.000000"/>
</kw>
<status status="NOT RUN" start="2025-02-27T17:40:52.543507" elapsed="0.000000"/>
</branch>
<branch type="ELSE">
<kw name="Convert Date" owner="DateTime">
<msg time="2025-02-27T17:40:52.546506" level="INFO">${formatted_date} = 2022-12-15</msg>
<var>${formatted_date}</var>
<arg>${date}</arg>
<arg>result_format=%Y-%m-%d</arg>
<arg>date_format=%m/%d/%Y</arg>
<doc>Converts between supported `date formats`.</doc>
<status status="PASS" start="2025-02-27T17:40:52.543507" elapsed="0.002999"/>
</kw>
<kw name="Log" owner="BuiltIn">
<msg time="2025-02-27T17:40:52.546506" level="INFO">2022-12-15</msg>
<arg>${formatted_date}</arg>
<doc>Logs the given message with the given level.</doc>
<status status="PASS" start="2025-02-27T17:40:52.546506" elapsed="0.000000"/>
</kw>
<kw name="Set To Dictionary" owner="Collections">
<arg>${row}</arg>
<arg>Date=${formatted_date}</arg>
<doc>Adds the given ``key_value_pairs`` and/or ``items`` to the ``dictionary``.</doc>
<status status="PASS" start="2025-02-27T17:40:52.546506" elapsed="0.000000"/>
</kw>
<status status="PASS" start="2025-02-27T17:40:52.543507" elapsed="0.002999"/>
</branch>
<status status="PASS" start="2025-02-27T17:40:52.543507" elapsed="0.002999"/>
</if>
<kw name="Connect To Database" owner="DatabaseLibrary">
<msg time="2025-02-27T17:40:52.547508" level="INFO">Looking for configuration file: 'resources\db.cfg'</msg>
<msg time="2025-02-27T17:40:52.547508" level="INFO">Configuration file doesn't exist</msg>
<msg time="2025-02-27T17:40:52.582449" level="INFO">Connect to DB using : pymysql.connect(db='RPAdb', user=***, passwd=***, host='127.0.0.1', port=3306, charset='utf8mb4')</msg>
<arg>pymysql</arg>
<arg>${DB_NAME}</arg>
<arg>${DB_USER}</arg>
<arg>${DB_PASS}</arg>
<arg>${DB_HOST}</arg>
<arg>${DB_PORT}</arg>
<doc>Creates a database connection using the DB API 2.0 ``db_module`` and the parameters provided.
Along with listed commonly used arguments (`db_name`, `db_host` etc.)
you can set any other DB module specific parameters as key/value pairs.</doc>
<status status="PASS" start="2025-02-27T17:40:52.546506" elapsed="0.062085"/>
</kw>
<kw name="Execute Sql String" owner="DatabaseLibrary">
<msg time="2025-02-27T17:40:52.609121" level="INFO" html="true">Executing sql:&lt;br&gt;&lt;code style="font-weight: bold;"&gt;INSERT INTO invoices (amount,refnum,iban,date) VALUES (1674, 1431432, 'FI1234567890123456', '2022-12-15');&lt;/code&gt;</msg>
<msg time="2025-02-27T17:40:52.610163" level="INFO">Commit the transaction</msg>
<msg time="2025-02-27T17:40:52.617983" level="INFO">${result} = None</msg>
<var>${result}</var>
<arg>INSERT INTO invoices (amount,refnum,iban,date) VALUES (${amount}, ${refnum}, '${iban}', '${formatted_date}');</arg>
<doc>Executes the ``sql_string`` as a single SQL command.</doc>
<status status="PASS" start="2025-02-27T17:40:52.608591" elapsed="0.009899"/>
</kw>
<kw name="Log" owner="BuiltIn">
<msg time="2025-02-27T17:40:52.618490" level="INFO">None</msg>
<arg>${result}</arg>
<doc>Logs the given message with the given level.</doc>
<status status="PASS" start="2025-02-27T17:40:52.618490" elapsed="0.000000"/>
</kw>
<kw name="Disconnect From Database" owner="DatabaseLibrary">
<doc>Disconnects from the database.</doc>
<status status="PASS" start="2025-02-27T17:40:52.618490" elapsed="0.000509"/>
</kw>
<var name="${row}">{'Amount': '1674', 'RefNum': '1431432', 'IBAN': ' FI12 3456 7890 1234 56', 'Date': '12/15/2022'}</var>
<status status="PASS" start="2025-02-27T17:40:52.538366" elapsed="0.080633"/>
</iter>
<iter>
<kw name="Get From Dictionary" owner="Collections">
<msg time="2025-02-27T17:40:52.619506" level="INFO">${amount} = 576.6</msg>
<var>${amount}</var>
<arg>${row}</arg>
<arg>Amount</arg>
<doc>Returns a value from the given ``dictionary`` based on the given ``key``.</doc>
<status status="PASS" start="2025-02-27T17:40:52.619506" elapsed="0.000000"/>
</kw>
<kw name="Get From Dictionary" owner="Collections">
<msg time="2025-02-27T17:40:52.619506" level="INFO">${refnum} = 15432359</msg>
<var>${refnum}</var>
<arg>${row}</arg>
<arg>RefNum</arg>
<doc>Returns a value from the given ``dictionary`` based on the given ``key``.</doc>
<status status="PASS" start="2025-02-27T17:40:52.619506" elapsed="0.000000"/>
</kw>
<kw name="Get From Dictionary" owner="Collections">
<msg time="2025-02-27T17:40:52.620015" level="INFO">${iban} =  FI05 1234 5600 7891 01</msg>
<var>${iban}</var>
<arg>${row}</arg>
<arg>IBAN</arg>
<doc>Returns a value from the given ``dictionary`` based on the given ``key``.</doc>
<status status="PASS" start="2025-02-27T17:40:52.620015" elapsed="0.000000"/>
</kw>
<kw name="Get From Dictionary" owner="Collections">
<msg time="2025-02-27T17:40:52.620015" level="INFO">${date} = 10/1/2022</msg>
<var>${date}</var>
<arg>${row}</arg>
<arg>Date</arg>
<doc>Returns a value from the given ``dictionary`` based on the given ``key``.</doc>
<status status="PASS" start="2025-02-27T17:40:52.620015" elapsed="0.000000"/>
</kw>
<if>
<branch type="IF" condition="${amount} &lt;= 0">
<kw name="Set To Dictionary" owner="Collections">
<arg>${row}</arg>
<arg>Amount=invalid</arg>
<doc>Adds the given ``key_value_pairs`` and/or ``items`` to the ``dictionary``.</doc>
<status status="NOT RUN" start="2025-02-27T17:40:52.620526" elapsed="0.000000"/>
</kw>
<status status="NOT RUN" start="2025-02-27T17:40:52.620015" elapsed="0.000511"/>
</branch>
<status status="PASS" start="2025-02-27T17:40:52.620015" elapsed="0.000511"/>
</if>
<kw name="Get Length" owner="BuiltIn">
<msg time="2025-02-27T17:40:52.620526" level="INFO">Length is 8.</msg>
<msg time="2025-02-27T17:40:52.621042" level="INFO">${refnum_length} = 8</msg>
<var>${refnum_length}</var>
<arg>${refnum}</arg>
<doc>Returns and logs the length of the given item as an integer.</doc>
<status status="PASS" start="2025-02-27T17:40:52.620526" elapsed="0.000516"/>
</kw>
<kw name="Get Substring" owner="String">
<msg time="2025-02-27T17:40:52.621042" level="INFO">${refnum_first_char} = 1</msg>
<var>${refnum_first_char}</var>
<arg>${refnum}</arg>
<arg>0</arg>
<arg>1</arg>
<doc>Returns a substring from ``start`` index to ``end`` index.</doc>
<status status="PASS" start="2025-02-27T17:40:52.621042" elapsed="0.000000"/>
</kw>
<if>
<branch type="IF" condition="${refnum_length} &lt; 3 or ${refnum_length} &gt; 20 or ${refnum_first_char} == 0">
<kw name="Set To Dictionary" owner="Collections">
<arg>${row}</arg>
<arg>RefNum=invalid</arg>
<doc>Adds the given ``key_value_pairs`` and/or ``items`` to the ``dictionary``.</doc>
<status status="NOT RUN" start="2025-02-27T17:40:52.621042" elapsed="0.000000"/>
</kw>
<status status="NOT RUN" start="2025-02-27T17:40:52.621042" elapsed="0.000000"/>
</branch>
<status status="PASS" start="2025-02-27T17:40:52.621042" elapsed="0.000630"/>
</if>
<kw name="Evaluate" owner="BuiltIn">
<msg time="2025-02-27T17:40:52.621672" level="INFO">${iban} = FI0512345600789101</msg>
<var>${iban}</var>
<arg>str("${iban}").replace(" ", "")</arg>
<doc>Evaluates the given expression in Python and returns the result.</doc>
<status status="PASS" start="2025-02-27T17:40:52.621672" elapsed="0.000000"/>
</kw>
<kw name="Set To Dictionary" owner="Collections">
<arg>${row}</arg>
<arg>IBAN=${iban}</arg>
<doc>Adds the given ``key_value_pairs`` and/or ``items`` to the ``dictionary``.</doc>
<status status="PASS" start="2025-02-27T17:40:52.621672" elapsed="0.000000"/>
</kw>
<kw name="Get Length" owner="BuiltIn">
<msg time="2025-02-27T17:40:52.621672" level="INFO">Length is 18.</msg>
<msg time="2025-02-27T17:40:52.621672" level="INFO">${iban_length} = 18</msg>
<var>${iban_length}</var>
<arg>${iban}</arg>
<doc>Returns and logs the length of the given item as an integer.</doc>
<status status="PASS" start="2025-02-27T17:40:52.621672" elapsed="0.000000"/>
</kw>
<kw name="Get Substring" owner="String">
<msg time="2025-02-27T17:40:52.622724" level="INFO">${iban_first_char} = FI</msg>
<var>${iban_first_char}</var>
<arg>${iban}</arg>
<arg>0</arg>
<arg>2</arg>
<doc>Returns a substring from ``start`` index to ``end`` index.</doc>
<status status="PASS" start="2025-02-27T17:40:52.621672" elapsed="0.001052"/>
</kw>
<if>
<branch type="IF" condition="&quot;${iban_first_char}&quot; != &quot;FI&quot; or ${iban_length} != 18">
<kw name="Set To Dictionary" owner="Collections">
<arg>${row}</arg>
<arg>IBAN=invalid</arg>
<doc>Adds the given ``key_value_pairs`` and/or ``items`` to the ``dictionary``.</doc>
<status status="NOT RUN" start="2025-02-27T17:40:52.622724" elapsed="0.000000"/>
</kw>
<status status="NOT RUN" start="2025-02-27T17:40:52.622724" elapsed="0.000000"/>
</branch>
<status status="PASS" start="2025-02-27T17:40:52.622724" elapsed="0.000000"/>
</if>
<kw name="Run Keyword And Return Status" owner="BuiltIn">
<kw name="Should Match Regexp" owner="BuiltIn">
<arg>${iban}</arg>
<arg>^FI[0-9]{16}$</arg>
<doc>Fails if ``string`` does not match ``pattern`` as a regular expression.</doc>
<status status="PASS" start="2025-02-27T17:40:52.622724" elapsed="0.000000"/>
</kw>
<msg time="2025-02-27T17:40:52.622724" level="INFO">${iban_validation} = True</msg>
<var>${iban_validation}</var>
<arg>Should Match Regexp</arg>
<arg>${iban}</arg>
<arg>^FI[0-9]{16}$</arg>
<doc>Runs the given keyword with given arguments and returns the status as a Boolean value.</doc>
<status status="PASS" start="2025-02-27T17:40:52.622724" elapsed="0.000000"/>
</kw>
<if>
<branch type="IF" condition="not ${iban_validation}">
<kw name="Set To Dictionary" owner="Collections">
<arg>${row}</arg>
<arg>IBAN=invalid</arg>
<doc>Adds the given ``key_value_pairs`` and/or ``items`` to the ``dictionary``.</doc>
<status status="NOT RUN" start="2025-02-27T17:40:52.622724" elapsed="0.000000"/>
</kw>
<kw name="Log" owner="BuiltIn">
<arg>${iban_validation}</arg>
<doc>Logs the given message with the given level.</doc>
<status status="NOT RUN" start="2025-02-27T17:40:52.622724" elapsed="0.001014"/>
</kw>
<status status="NOT RUN" start="2025-02-27T17:40:52.622724" elapsed="0.001014"/>
</branch>
<status status="PASS" start="2025-02-27T17:40:52.622724" elapsed="0.001014"/>
</if>
<kw name="Run Keyword And Return Status" owner="BuiltIn">
<kw name="Should Match Regexp" owner="BuiltIn">
<arg>${date}</arg>
<arg>^((0?[1-9])|1[0-2])/((0?[1-9])|[12][0-9]|30|31)/[0-9]{4}$</arg>
<doc>Fails if ``string`` does not match ``pattern`` as a regular expression.</doc>
<status status="PASS" start="2025-02-27T17:40:52.623738" elapsed="0.000000"/>
</kw>
<msg time="2025-02-27T17:40:52.623738" level="INFO">${date_validation} = True</msg>
<var>${date_validation}</var>
<arg>Should Match Regexp</arg>
<arg>${date}</arg>
<arg>^((0?[1-9])|1[0-2])/((0?[1-9])|[12][0-9]|30|31)/[0-9]{4}$</arg>
<doc>Runs the given keyword with given arguments and returns the status as a Boolean value.</doc>
<status status="PASS" start="2025-02-27T17:40:52.623738" elapsed="0.000000"/>
</kw>
<if>
<branch type="IF" condition="not ${date_validation}">
<kw name="Set To Dictionary" owner="Collections">
<arg>${row}</arg>
<arg>Date=invalid</arg>
<doc>Adds the given ``key_value_pairs`` and/or ``items`` to the ``dictionary``.</doc>
<status status="NOT RUN" start="2025-02-27T17:40:52.623738" elapsed="0.000000"/>
</kw>
<kw name="Log" owner="BuiltIn">
<arg>${date_validation}</arg>
<doc>Logs the given message with the given level.</doc>
<status status="NOT RUN" start="2025-02-27T17:40:52.623738" elapsed="0.000000"/>
</kw>
<status status="NOT RUN" start="2025-02-27T17:40:52.623738" elapsed="0.000000"/>
</branch>
<branch type="ELSE">
<kw name="Convert Date" owner="DateTime">
<msg time="2025-02-27T17:40:52.624738" level="INFO">${formatted_date} = 2022-10-01</msg>
<var>${formatted_date}</var>
<arg>${date}</arg>
<arg>result_format=%Y-%m-%d</arg>
<arg>date_format=%m/%d/%Y</arg>
<doc>Converts between supported `date formats`.</doc>
<status status="PASS" start="2025-02-27T17:40:52.623738" elapsed="0.001000"/>
</kw>
<kw name="Log" owner="BuiltIn">
<msg time="2025-02-27T17:40:52.624738" level="INFO">2022-10-01</msg>
<arg>${formatted_date}</arg>
<doc>Logs the given message with the given level.</doc>
<status status="PASS" start="2025-02-27T17:40:52.624738" elapsed="0.000000"/>
</kw>
<kw name="Set To Dictionary" owner="Collections">
<arg>${row}</arg>
<arg>Date=${formatted_date}</arg>
<doc>Adds the given ``key_value_pairs`` and/or ``items`` to the ``dictionary``.</doc>
<status status="PASS" start="2025-02-27T17:40:52.624738" elapsed="0.000000"/>
</kw>
<status status="PASS" start="2025-02-27T17:40:52.623738" elapsed="0.001000"/>
</branch>
<status status="PASS" start="2025-02-27T17:40:52.623738" elapsed="0.001000"/>
</if>
<kw name="Connect To Database" owner="DatabaseLibrary">
<msg time="2025-02-27T17:40:52.624738" level="INFO">Looking for configuration file: 'resources\db.cfg'</msg>
<msg time="2025-02-27T17:40:52.624738" level="INFO">Configuration file doesn't exist</msg>
<msg time="2025-02-27T17:40:52.624738" level="INFO">Connect to DB using : pymysql.connect(db='RPAdb', user=***, passwd=***, host='127.0.0.1', port=3306, charset='utf8mb4')</msg>
<arg>pymysql</arg>
<arg>${DB_NAME}</arg>
<arg>${DB_USER}</arg>
<arg>${DB_PASS}</arg>
<arg>${DB_HOST}</arg>
<arg>${DB_PORT}</arg>
<doc>Creates a database connection using the DB API 2.0 ``db_module`` and the parameters provided.
Along with listed commonly used arguments (`db_name`, `db_host` etc.)
you can set any other DB module specific parameters as key/value pairs.</doc>
<status status="PASS" start="2025-02-27T17:40:52.624738" elapsed="0.014134"/>
</kw>
<kw name="Execute Sql String" owner="DatabaseLibrary">
<msg time="2025-02-27T17:40:52.639381" level="INFO" html="true">Executing sql:&lt;br&gt;&lt;code style="font-weight: bold;"&gt;INSERT INTO invoices (amount,refnum,iban,date) VALUES (576.6, 15432359, 'FI0512345600789101', '2022-10-01');&lt;/code&gt;</msg>
<msg time="2025-02-27T17:40:52.640399" level="INFO">Commit the transaction</msg>
<msg time="2025-02-27T17:40:52.645020" level="INFO">${result} = None</msg>
<var>${result}</var>
<arg>INSERT INTO invoices (amount,refnum,iban,date) VALUES (${amount}, ${refnum}, '${iban}', '${formatted_date}');</arg>
<doc>Executes the ``sql_string`` as a single SQL command.</doc>
<status status="PASS" start="2025-02-27T17:40:52.639381" elapsed="0.005639"/>
</kw>
<kw name="Log" owner="BuiltIn">
<msg time="2025-02-27T17:40:52.645529" level="INFO">None</msg>
<arg>${result}</arg>
<doc>Logs the given message with the given level.</doc>
<status status="PASS" start="2025-02-27T17:40:52.645529" elapsed="0.000000"/>
</kw>
<kw name="Disconnect From Database" owner="DatabaseLibrary">
<doc>Disconnects from the database.</doc>
<status status="PASS" start="2025-02-27T17:40:52.645529" elapsed="0.000507"/>
</kw>
<var name="${row}">{'Amount': '576.6', 'RefNum': '15432359', 'IBAN': ' FI05 1234 5600 7891 01', 'Date': '10/1/2022'}</var>
<status status="PASS" start="2025-02-27T17:40:52.618999" elapsed="0.027037"/>
</iter>
<iter>
<kw name="Get From Dictionary" owner="Collections">
<msg time="2025-02-27T17:40:52.646569" level="INFO">${amount} = 3348</msg>
<var>${amount}</var>
<arg>${row}</arg>
<arg>Amount</arg>
<doc>Returns a value from the given ``dictionary`` based on the given ``key``.</doc>
<status status="PASS" start="2025-02-27T17:40:52.646036" elapsed="0.000533"/>
</kw>
<kw name="Get From Dictionary" owner="Collections">
<msg time="2025-02-27T17:40:52.646569" level="INFO">${refnum} = 1531439</msg>
<var>${refnum}</var>
<arg>${row}</arg>
<arg>RefNum</arg>
<doc>Returns a value from the given ``dictionary`` based on the given ``key``.</doc>
<status status="PASS" start="2025-02-27T17:40:52.646569" elapsed="0.000000"/>
</kw>
<kw name="Get From Dictionary" owner="Collections">
<msg time="2025-02-27T17:40:52.647078" level="INFO">${iban} =  FI12 3456 7890 1234 56</msg>
<var>${iban}</var>
<arg>${row}</arg>
<arg>IBAN</arg>
<doc>Returns a value from the given ``dictionary`` based on the given ``key``.</doc>
<status status="PASS" start="2025-02-27T17:40:52.647078" elapsed="0.000000"/>
</kw>
<kw name="Get From Dictionary" owner="Collections">
<msg time="2025-02-27T17:40:52.647078" level="INFO">${date} = 12/15/2022</msg>
<var>${date}</var>
<arg>${row}</arg>
<arg>Date</arg>
<doc>Returns a value from the given ``dictionary`` based on the given ``key``.</doc>
<status status="PASS" start="2025-02-27T17:40:52.647078" elapsed="0.000000"/>
</kw>
<if>
<branch type="IF" condition="${amount} &lt;= 0">
<kw name="Set To Dictionary" owner="Collections">
<arg>${row}</arg>
<arg>Amount=invalid</arg>
<doc>Adds the given ``key_value_pairs`` and/or ``items`` to the ``dictionary``.</doc>
<status status="NOT RUN" start="2025-02-27T17:40:52.647589" elapsed="0.000000"/>
</kw>
<status status="NOT RUN" start="2025-02-27T17:40:52.647078" elapsed="0.000511"/>
</branch>
<status status="PASS" start="2025-02-27T17:40:52.647078" elapsed="0.000511"/>
</if>
<kw name="Get Length" owner="BuiltIn">
<msg time="2025-02-27T17:40:52.647589" level="INFO">Length is 7.</msg>
<msg time="2025-02-27T17:40:52.647589" level="INFO">${refnum_length} = 7</msg>
<var>${refnum_length}</var>
<arg>${refnum}</arg>
<doc>Returns and logs the length of the given item as an integer.</doc>
<status status="PASS" start="2025-02-27T17:40:52.647589" elapsed="0.000000"/>
</kw>
<kw name="Get Substring" owner="String">
<msg time="2025-02-27T17:40:52.648096" level="INFO">${refnum_first_char} = 1</msg>
<var>${refnum_first_char}</var>
<arg>${refnum}</arg>
<arg>0</arg>
<arg>1</arg>
<doc>Returns a substring from ``start`` index to ``end`` index.</doc>
<status status="PASS" start="2025-02-27T17:40:52.647589" elapsed="0.000507"/>
</kw>
<if>
<branch type="IF" condition="${refnum_length} &lt; 3 or ${refnum_length} &gt; 20 or ${refnum_first_char} == 0">
<kw name="Set To Dictionary" owner="Collections">
<arg>${row}</arg>
<arg>RefNum=invalid</arg>
<doc>Adds the given ``key_value_pairs`` and/or ``items`` to the ``dictionary``.</doc>
<status status="NOT RUN" start="2025-02-27T17:40:52.648096" elapsed="0.000000"/>
</kw>
<status status="NOT RUN" start="2025-02-27T17:40:52.648096" elapsed="0.000000"/>
</branch>
<status status="PASS" start="2025-02-27T17:40:52.648096" elapsed="0.000000"/>
</if>
<kw name="Evaluate" owner="BuiltIn">
<msg time="2025-02-27T17:40:52.648604" level="INFO">${iban} = FI1234567890123456</msg>
<var>${iban}</var>
<arg>str("${iban}").replace(" ", "")</arg>
<doc>Evaluates the given expression in Python and returns the result.</doc>
<status status="PASS" start="2025-02-27T17:40:52.648096" elapsed="0.000508"/>
</kw>
<kw name="Set To Dictionary" owner="Collections">
<arg>${row}</arg>
<arg>IBAN=${iban}</arg>
<doc>Adds the given ``key_value_pairs`` and/or ``items`` to the ``dictionary``.</doc>
<status status="PASS" start="2025-02-27T17:40:52.648604" elapsed="0.000000"/>
</kw>
<kw name="Get Length" owner="BuiltIn">
<msg time="2025-02-27T17:40:52.648604" level="INFO">Length is 18.</msg>
<msg time="2025-02-27T17:40:52.649114" level="INFO">${iban_length} = 18</msg>
<var>${iban_length}</var>
<arg>${iban}</arg>
<doc>Returns and logs the length of the given item as an integer.</doc>
<status status="PASS" start="2025-02-27T17:40:52.648604" elapsed="0.000510"/>
</kw>
<kw name="Get Substring" owner="String">
<msg time="2025-02-27T17:40:52.649114" level="INFO">${iban_first_char} = FI</msg>
<var>${iban_first_char}</var>
<arg>${iban}</arg>
<arg>0</arg>
<arg>2</arg>
<doc>Returns a substring from ``start`` index to ``end`` index.</doc>
<status status="PASS" start="2025-02-27T17:40:52.649114" elapsed="0.000000"/>
</kw>
<if>
<branch type="IF" condition="&quot;${iban_first_char}&quot; != &quot;FI&quot; or ${iban_length} != 18">
<kw name="Set To Dictionary" owner="Collections">
<arg>${row}</arg>
<arg>IBAN=invalid</arg>
<doc>Adds the given ``key_value_pairs`` and/or ``items`` to the ``dictionary``.</doc>
<status status="NOT RUN" start="2025-02-27T17:40:52.649114" elapsed="0.000000"/>
</kw>
<status status="NOT RUN" start="2025-02-27T17:40:52.649114" elapsed="0.000509"/>
</branch>
<status status="PASS" start="2025-02-27T17:40:52.649114" elapsed="0.000509"/>
</if>
<kw name="Run Keyword And Return Status" owner="BuiltIn">
<kw name="Should Match Regexp" owner="BuiltIn">
<arg>${iban}</arg>
<arg>^FI[0-9]{16}$</arg>
<doc>Fails if ``string`` does not match ``pattern`` as a regular expression.</doc>
<status status="PASS" start="2025-02-27T17:40:52.649623" elapsed="0.000000"/>
</kw>
<msg time="2025-02-27T17:40:52.649623" level="INFO">${iban_validation} = True</msg>
<var>${iban_validation}</var>
<arg>Should Match Regexp</arg>
<arg>${iban}</arg>
<arg>^FI[0-9]{16}$</arg>
<doc>Runs the given keyword with given arguments and returns the status as a Boolean value.</doc>
<status status="PASS" start="2025-02-27T17:40:52.649623" elapsed="0.000000"/>
</kw>
<if>
<branch type="IF" condition="not ${iban_validation}">
<kw name="Set To Dictionary" owner="Collections">
<arg>${row}</arg>
<arg>IBAN=invalid</arg>
<doc>Adds the given ``key_value_pairs`` and/or ``items`` to the ``dictionary``.</doc>
<status status="NOT RUN" start="2025-02-27T17:40:52.650139" elapsed="0.000000"/>
</kw>
<kw name="Log" owner="BuiltIn">
<arg>${iban_validation}</arg>
<doc>Logs the given message with the given level.</doc>
<status status="NOT RUN" start="2025-02-27T17:40:52.650139" elapsed="0.000000"/>
</kw>
<status status="NOT RUN" start="2025-02-27T17:40:52.650139" elapsed="0.000000"/>
</branch>
<status status="PASS" start="2025-02-27T17:40:52.650139" elapsed="0.000000"/>
</if>
<kw name="Run Keyword And Return Status" owner="BuiltIn">
<kw name="Should Match Regexp" owner="BuiltIn">
<arg>${date}</arg>
<arg>^((0?[1-9])|1[0-2])/((0?[1-9])|[12][0-9]|30|31)/[0-9]{4}$</arg>
<doc>Fails if ``string`` does not match ``pattern`` as a regular expression.</doc>
<status status="PASS" start="2025-02-27T17:40:52.650139" elapsed="0.000513"/>
</kw>
<msg time="2025-02-27T17:40:52.650652" level="INFO">${date_validation} = True</msg>
<var>${date_validation}</var>
<arg>Should Match Regexp</arg>
<arg>${date}</arg>
<arg>^((0?[1-9])|1[0-2])/((0?[1-9])|[12][0-9]|30|31)/[0-9]{4}$</arg>
<doc>Runs the given keyword with given arguments and returns the status as a Boolean value.</doc>
<status status="PASS" start="2025-02-27T17:40:52.650139" elapsed="0.000513"/>
</kw>
<if>
<branch type="IF" condition="not ${date_validation}">
<kw name="Set To Dictionary" owner="Collections">
<arg>${row}</arg>
<arg>Date=invalid</arg>
<doc>Adds the given ``key_value_pairs`` and/or ``items`` to the ``dictionary``.</doc>
<status status="NOT RUN" start="2025-02-27T17:40:52.650652" elapsed="0.000000"/>
</kw>
<kw name="Log" owner="BuiltIn">
<arg>${date_validation}</arg>
<doc>Logs the given message with the given level.</doc>
<status status="NOT RUN" start="2025-02-27T17:40:52.650652" elapsed="0.000000"/>
</kw>
<status status="NOT RUN" start="2025-02-27T17:40:52.650652" elapsed="0.000000"/>
</branch>
<branch type="ELSE">
<kw name="Convert Date" owner="DateTime">
<msg time="2025-02-27T17:40:52.651159" level="INFO">${formatted_date} = 2022-12-15</msg>
<var>${formatted_date}</var>
<arg>${date}</arg>
<arg>result_format=%Y-%m-%d</arg>
<arg>date_format=%m/%d/%Y</arg>
<doc>Converts between supported `date formats`.</doc>
<status status="PASS" start="2025-02-27T17:40:52.651159" elapsed="0.000000"/>
</kw>
<kw name="Log" owner="BuiltIn">
<msg time="2025-02-27T17:40:52.651666" level="INFO">2022-12-15</msg>
<arg>${formatted_date}</arg>
<doc>Logs the given message with the given level.</doc>
<status status="PASS" start="2025-02-27T17:40:52.651666" elapsed="0.000000"/>
</kw>
<kw name="Set To Dictionary" owner="Collections">
<arg>${row}</arg>
<arg>Date=${formatted_date}</arg>
<doc>Adds the given ``key_value_pairs`` and/or ``items`` to the ``dictionary``.</doc>
<status status="PASS" start="2025-02-27T17:40:52.651666" elapsed="0.000000"/>
</kw>
<status status="PASS" start="2025-02-27T17:40:52.650652" elapsed="0.001579"/>
</branch>
<status status="PASS" start="2025-02-27T17:40:52.650652" elapsed="0.001579"/>
</if>
<kw name="Connect To Database" owner="DatabaseLibrary">
<msg time="2025-02-27T17:40:52.652231" level="INFO">Looking for configuration file: 'resources\db.cfg'</msg>
<msg time="2025-02-27T17:40:52.652231" level="INFO">Configuration file doesn't exist</msg>
<msg time="2025-02-27T17:40:52.652767" level="INFO">Connect to DB using : pymysql.connect(db='RPAdb', user=***, passwd=***, host='127.0.0.1', port=3306, charset='utf8mb4')</msg>
<arg>pymysql</arg>
<arg>${DB_NAME}</arg>
<arg>${DB_USER}</arg>
<arg>${DB_PASS}</arg>
<arg>${DB_HOST}</arg>
<arg>${DB_PORT}</arg>
<doc>Creates a database connection using the DB API 2.0 ``db_module`` and the parameters provided.
Along with listed commonly used arguments (`db_name`, `db_host` etc.)
you can set any other DB module specific parameters as key/value pairs.</doc>
<status status="PASS" start="2025-02-27T17:40:52.652231" elapsed="0.004116"/>
</kw>
<kw name="Execute Sql String" owner="DatabaseLibrary">
<msg time="2025-02-27T17:40:52.656855" level="INFO" html="true">Executing sql:&lt;br&gt;&lt;code style="font-weight: bold;"&gt;INSERT INTO invoices (amount,refnum,iban,date) VALUES (3348, 1531439, 'FI1234567890123456', '2022-12-15');&lt;/code&gt;</msg>
<msg time="2025-02-27T17:40:52.657879" level="INFO">Commit the transaction</msg>
<msg time="2025-02-27T17:40:52.661883" level="INFO">${result} = None</msg>
<var>${result}</var>
<arg>INSERT INTO invoices (amount,refnum,iban,date) VALUES (${amount}, ${refnum}, '${iban}', '${formatted_date}');</arg>
<doc>Executes the ``sql_string`` as a single SQL command.</doc>
<status status="PASS" start="2025-02-27T17:40:52.656855" elapsed="0.005551"/>
</kw>
<kw name="Log" owner="BuiltIn">
<msg time="2025-02-27T17:40:52.662406" level="INFO">None</msg>
<arg>${result}</arg>
<doc>Logs the given message with the given level.</doc>
<status status="PASS" start="2025-02-27T17:40:52.662406" elapsed="0.000000"/>
</kw>
<kw name="Disconnect From Database" owner="DatabaseLibrary">
<doc>Disconnects from the database.</doc>
<status status="PASS" start="2025-02-27T17:40:52.662406" elapsed="0.000519"/>
</kw>
<var name="${row}">{'Amount': '3348', 'RefNum': '1531439', 'IBAN': ' FI12 3456 7890 1234 56', 'Date': '12/15/2022'}</var>
<status status="PASS" start="2025-02-27T17:40:52.646036" elapsed="0.016889"/>
</iter>
<var>${row}</var>
<value>@{loaded_data}</value>
<status status="PASS" start="2025-02-27T17:40:52.538366" elapsed="0.124559"/>
</for>
<status status="PASS" start="2025-02-27T17:40:52.534449" elapsed="0.129025"/>
</test>
<status status="PASS" start="2025-02-27T17:40:52.426749" elapsed="0.237764"/>
</suite>
<statistics>
<total>
<stat pass="1" fail="0" skip="0">All Tests</stat>
</total>
<tag>
</tag>
<suite>
<stat name="Invoice Verification" id="s1" pass="1" fail="0" skip="0">Invoice Verification</stat>
</suite>
</statistics>
<errors>
</errors>
</robot>
